<?xml version="1.0" encoding="UTF-8"?>
<testsuite name="ListOfTeamsTest" tests="1" skipped="0" failures="0" errors="0" timestamp="2021-06-08T14:38:59" hostname="DESKTOP-4AJP0JC" time="0.006">
  <properties/>
  <testcase name="TestAPIIntegration()" classname="ListOfTeamsTest" time="0.006"/>
  <system-out><![CDATA[file:///C:\Users\Byron Thompson\Desktop\Programming work\WeThinkCode-Sports-Project-main\WeThinkCodeSportsProject\src\test\java\JSONTestFiles\Teams.json
]]></system-out>
  <system-err><![CDATA[]]></system-err>
</testsuite>
