<?xml version="1.0" encoding="UTF-8"?>
<testsuite name="ListOfEventsTest" tests="1" skipped="0" failures="0" errors="0" timestamp="2021-06-08T14:38:59" hostname="DESKTOP-4AJP0JC" time="0.073">
  <properties/>
  <testcase name="TestAPIIntegration()" classname="ListOfEventsTest" time="0.073"/>
  <system-out><![CDATA[]]></system-out>
  <system-err><![CDATA[]]></system-err>
</testsuite>
